2020-07-01 17:30:05,916 0      [           main] DEBUG ache.ibatis.logging.LogFactory  - Logging initialized using 'class org.apache.ibatis.logging.log4j.Log4jImpl' adapter.
2020-07-01 17:30:06,145 229    [           main] DEBUG source.pooled.PooledDataSource  - PooledDataSource forcefully closed/removed all connections.
2020-07-01 17:30:06,145 229    [           main] DEBUG source.pooled.PooledDataSource  - PooledDataSource forcefully closed/removed all connections.
2020-07-01 17:30:06,146 230    [           main] DEBUG source.pooled.PooledDataSource  - PooledDataSource forcefully closed/removed all connections.
2020-07-01 17:30:06,146 230    [           main] DEBUG source.pooled.PooledDataSource  - PooledDataSource forcefully closed/removed all connections.
2020-07-01 17:30:06,361 445    [           main] DEBUG ansaction.jdbc.JdbcTransaction  - Opening JDBC Connection
2020-07-01 17:30:06,764 848    [           main] DEBUG source.pooled.PooledDataSource  - Created connection 329645619.
2020-07-01 17:30:06,765 849    [           main] DEBUG ansaction.jdbc.JdbcTransaction  - Setting autocommit to false on JDBC Connection [com.mysql.jdbc.JDBC4Connection@13a5fe33]
2020-07-01 17:30:06,768 852    [           main] DEBUG com.daliu.dao.IUserDao.findAll  - ==>  Preparing: select * from user 
2020-07-01 17:30:06,820 904    [           main] DEBUG com.daliu.dao.IUserDao.findAll  - ==> Parameters: 
2020-07-01 17:36:39,315 0      [           main] DEBUG ache.ibatis.logging.LogFactory  - Logging initialized using 'class org.apache.ibatis.logging.log4j.Log4jImpl' adapter.
2020-07-01 17:36:39,439 124    [           main] DEBUG source.pooled.PooledDataSource  - PooledDataSource forcefully closed/removed all connections.
2020-07-01 17:36:39,439 124    [           main] DEBUG source.pooled.PooledDataSource  - PooledDataSource forcefully closed/removed all connections.
2020-07-01 17:36:39,439 124    [           main] DEBUG source.pooled.PooledDataSource  - PooledDataSource forcefully closed/removed all connections.
2020-07-01 17:36:39,439 124    [           main] DEBUG source.pooled.PooledDataSource  - PooledDataSource forcefully closed/removed all connections.
2020-07-01 17:36:39,523 208    [           main] DEBUG ansaction.jdbc.JdbcTransaction  - Opening JDBC Connection
2020-07-01 17:36:39,802 487    [           main] DEBUG source.pooled.PooledDataSource  - Created connection 1668627309.
2020-07-01 17:36:39,802 487    [           main] DEBUG ansaction.jdbc.JdbcTransaction  - Setting autocommit to false on JDBC Connection [com.mysql.jdbc.JDBC4Connection@63753b6d]
2020-07-01 17:36:39,804 489    [           main] DEBUG com.daliu.dao.IUserDao.findAll  - ==>  Preparing: select * from user #查找到一条条记录封装成User对象, 然后返回User数组 
2020-07-01 17:36:39,845 530    [           main] DEBUG com.daliu.dao.IUserDao.findAll  - ==> Parameters: 
2020-07-01 17:36:39,884 569    [           main] DEBUG com.daliu.dao.IUserDao.findAll  - <==      Total: 6
2020-07-01 17:36:39,889 574    [           main] DEBUG ansaction.jdbc.JdbcTransaction  - Resetting autocommit to true on JDBC Connection [com.mysql.jdbc.JDBC4Connection@63753b6d]
2020-07-01 17:36:39,889 574    [           main] DEBUG ansaction.jdbc.JdbcTransaction  - Closing JDBC Connection [com.mysql.jdbc.JDBC4Connection@63753b6d]
2020-07-01 17:36:39,890 575    [           main] DEBUG source.pooled.PooledDataSource  - Returned connection 1668627309 to pool.
